<?xml version="1.0" encoding="UTF-8"?>
<testng-results skipped="0" failed="0" ignored="0" total="1" passed="1">
  <reporter-output>
  </reporter-output>
  <suite name="Default suite" duration-ms="18315" started-at="2021-06-13T21:33:27Z" finished-at="2021-06-13T21:33:45Z">
    <groups>
    </groups>
    <test name="Default test" duration-ms="18315" started-at="2021-06-13T21:33:27Z" finished-at="2021-06-13T21:33:45Z">
      <class name="stranice.Profile">
        <test-method status="PASS" signature="createDriver()[pri:0, instance:stranice.Profile@3bfdc050]" name="createDriver" is-config="true" duration-ms="3520" started-at="2021-06-13T21:33:27Z" finished-at="2021-06-13T21:33:31Z">
          <reporter-output>
          </reporter-output>
        </test-method> <!-- createDriver -->
        <test-method status="PASS" signature="profileSettings()[pri:0, instance:stranice.Profile@3bfdc050]" name="profileSettings" duration-ms="14764" started-at="2021-06-13T21:33:31Z" finished-at="2021-06-13T21:33:45Z">
          <reporter-output>
          </reporter-output>
        </test-method> <!-- profileSettings -->
      </class> <!-- stranice.Profile -->
    </test> <!-- Default test -->
  </suite> <!-- Default suite -->
</testng-results>
